DEBUG 2019-08-24 16:05:19,107 views 9220 20560 user.views views.py check_username {'available': False, 'message': {'password_mismatch': '確認用パスワードが一致しません。'}}
INFO 2019-08-24 16:05:47,727 views 30508 19100 user.views views.py check_username {'available': False, 'message': {'password_mismatch': '確認用パスワードが一致しません。'}}
INFO 2019-08-24 16:08:19,991 user.views check_username {'available': False, 'message': {'password_mismatch': '確認用パスワードが一致しません。'}}
INFO 2019-08-24 16:09:12,134 Name: user.views Func: check_username {'available': False, 'message': {'password_mismatch': '確認用パスワードが一致しません。'}}
INFO 2019-08-24 16:13:13,407 Name: user.views Func: check_username {'available': False, 'message': {'password_mismatch': '確認用パスワードが一致しません。'}}
INFO 2019-08-24 16:13:48,927 Name: user.views Func: check_password {'available': False, 'message': {'password_mismatch': '確認用パスワードが一致しません。'}}
INFO 2019-08-24 16:14:01,310 Name: user.views Func: check_username {'available': False, 'message': {'password_mismatch': '確認用パスワードが一致しません。'}}
INFO 2019-08-24 16:14:01,367 Name: user.views Func: check_username {'available': False, 'message': {'password_mismatch': '確認用パスワードが一致しません。'}}
INFO 2019-08-24 16:14:01,511 Name: user.views Func: check_username {'available': False, 'message': {'password_mismatch': '確認用パスワードが一致しません。'}}
INFO 2019-08-24 16:14:01,529 Name: user.views Func: check_username {'available': False, 'message': {'password_mismatch': '確認用パスワードが一致しません。'}}
INFO 2019-08-24 16:14:01,758 Name: user.views Func: check_username {'available': False, 'message': {'password_mismatch': '確認用パスワードが一致しません。'}}
INFO 2019-08-24 16:14:01,813 Name: user.views Func: check_username {'available': False, 'message': {'password_mismatch': '確認用パスワードが一致しません。'}}
INFO 2019-08-24 16:14:11,695 Name: user.views Func: check_password {'available': False, 'message': {'password_mismatch': '確認用パスワードが一致しません。'}}
INFO 2019-08-24 16:14:18,047 Name: user.views Func: check_username {'available': False, 'message': {'password_mismatch': '確認用パスワードが一致しません。'}}
INFO 2019-08-24 16:14:18,157 Name: user.views Func: check_username {'available': False, 'message': {'password_mismatch': '確認用パスワードが一致しません。'}}
INFO 2019-08-24 16:14:18,504 Name: user.views Func: check_username {'available': False, 'message': {'password_mismatch': '確認用パスワードが一致しません。'}}
INFO 2019-08-24 16:14:18,630 Name: user.views Func: check_username {'available': False, 'message': {'password_mismatch': '確認用パスワードが一致しません。'}}
INFO 2019-08-24 16:14:18,816 Name: user.views Func: check_username {'available': False, 'message': {'password_mismatch': '確認用パスワードが一致しません。'}}
INFO 2019-08-24 16:14:18,885 Name: user.views Func: check_username {'available': False, 'message': {'password_mismatch': '確認用パスワードが一致しません。'}}
INFO 2019-08-24 16:14:19,108 Name: user.views Func: check_username {'available': False, 'message': {'password_mismatch': '確認用パスワードが一致しません。'}}
INFO 2019-08-24 16:14:57,745 Name: user.views Func: check_username {'available': False, 'message': {'password_mismatch': '確認用パスワードが一致しません。'}}
INFO 2019-08-24 16:40:24,104 Name: user.views Func: check_username {'available': False, 'message': {'password_mismatch': '確認用パスワードが一致しません。'}}
INFO 2019-08-24 16:40:25,115 Name: user.views Func: check_username {'available': False, 'message': {'password_mismatch': '確認用パスワードが一致しません。'}}
INFO 2019-08-24 16:40:28,633 Name: user.views Func: check_username {'available': False, 'message': {'password_mismatch': '確認用パスワードが一致しません。'}}
INFO 2019-08-24 16:40:29,625 Name: user.views Func: check_username {'available': False, 'message': {'password_mismatch': '確認用パスワードが一致しません。'}}
INFO 2019-08-24 16:40:31,677 Name: user.views Func: check_username {'available': False, 'message': {'password_mismatch': '確認用パスワードが一致しません。'}}
INFO 2019-08-24 16:40:32,464 Name: user.views Func: check_username {'available': False, 'message': {'password_mismatch': '確認用パスワードが一致しません。'}}
INFO 2019-08-24 16:40:32,841 Name: user.views Func: check_username {'available': False, 'message': {'password_mismatch': '確認用パスワードが一致しません。'}}
INFO 2019-08-24 16:40:33,838 Name: user.views Func: check_username {'available': False, 'message': {'password_mismatch': '確認用パスワードが一致しません。'}}
INFO 2019-08-24 16:42:44,375 Name: user.views Func: check_username {'available': False, 'message': {'password_mismatch': '確認用パスワードが一致しません。'}}
INFO 2019-08-24 16:42:45,374 Name: user.views Func: check_username {'available': False, 'message': {'password_mismatch': '確認用パスワードが一致しません。'}}
INFO 2019-08-24 16:45:05,710 Name: user.views Func: check_username {'available': False, 'message': {'password_mismatch': '確認用パスワードが一致しません。'}}
INFO 2019-08-24 16:45:08,203 Name: user.views Func: check_username {'available': False, 'message': {'password_mismatch': '確認用パスワードが一致しません。'}}
INFO 2019-08-24 16:45:08,310 Name: user.views Func: check_username {'available': False, 'message': {'password_mismatch': '確認用パスワードが一致しません。'}}
INFO 2019-08-24 16:45:09,012 Name: user.views Func: check_username {'available': False, 'message': {'password_mismatch': '確認用パスワードが一致しません。'}}
INFO 2019-08-24 16:46:09,538 Name: user.views Func: check_username {'available': False, 'message': {'password_mismatch': '確認用パスワードが一致しません。'}}
INFO 2019-08-24 16:46:10,543 Name: user.views Func: check_username {'available': False, 'message': {'password_mismatch': '確認用パスワードが一致しません。'}}
INFO 2019-08-25 07:31:30,326 Name: user.views Func: check_username {'available': False, 'errors': {}}
INFO 2019-08-25 07:31:30,566 Name: user.views Func: check_username {'available': False, 'errors': {}}
INFO 2019-08-25 07:32:13,555 Name: user.views Func: check_username {'available': False, 'errors': {}}
INFO 2019-08-25 07:32:14,564 Name: user.views Func: check_username {'available': False, 'errors': {}}
INFO 2019-08-25 07:32:15,649 Name: user.views Func: check_username {'available': False, 'errors': {}}
INFO 2019-08-25 07:32:15,746 Name: user.views Func: check_username {'available': False, 'errors': {}}
INFO 2019-08-25 07:32:15,913 Name: user.views Func: check_username {'available': False, 'errors': {}}
INFO 2019-08-25 07:32:15,965 Name: user.views Func: check_username {'available': False, 'errors': {}}
INFO 2019-08-25 07:32:16,277 Name: user.views Func: check_username {'available': False, 'errors': {}}
INFO 2019-08-25 07:32:16,336 Name: user.views Func: check_username {'available': False, 'errors': {}}
INFO 2019-08-25 07:32:17,336 Name: user.views Func: check_username {'available': False, 'errors': {}}
INFO 2019-08-25 07:32:46,921 Name: user.views Func: check_username {'available': False, 'errors': {}}
INFO 2019-08-25 07:32:47,886 Name: user.views Func: check_username {'available': False, 'errors': {}}
INFO 2019-08-25 07:33:04,306 Name: user.views Func: check_username {'available': False, 'errors': {}}
INFO 2019-08-25 07:33:05,319 Name: user.views Func: check_username {'available': False, 'errors': {}}
INFO 2019-08-25 07:34:11,688 Name: user.views Func: check_username {'available': False, 'errors': {}}
INFO 2019-08-25 07:34:12,667 Name: user.views Func: check_username {'available': False, 'errors': {}}
INFO 2019-08-25 07:35:57,895 Name: user.views Func: check_username {'available': False, 'errors': {}}
INFO 2019-08-25 07:35:58,883 Name: user.views Func: check_username {'available': False, 'errors': {}}
INFO 2019-08-25 07:37:25,478 Name: user.views Func: check_username {'available': False, 'errors': {}}
INFO 2019-08-25 07:37:26,483 Name: user.views Func: check_username {'available': False, 'errors': {}}
INFO 2019-08-25 07:47:09,001 Name: user.views Func: check_username {'available': False, 'errors': {}}
INFO 2019-08-25 07:47:09,976 Name: user.views Func: check_username {'available': False, 'errors': {}}
INFO 2019-08-25 07:47:15,703 Name: user.views Func: check_username {'available': False, 'errors': {}}
INFO 2019-08-25 07:47:16,701 Name: user.views Func: check_username {'available': False, 'errors': {}}
INFO 2019-08-25 07:51:09,753 Name: user.views Func: check_username {'available': False, 'errors': {}}
INFO 2019-08-25 07:51:10,761 Name: user.views Func: check_username {'available': False, 'errors': {}}
DEBUG 2019-08-25 08:45:12,287 Name: user.views Func: check_username check_username success valid
INFO 2019-08-25 08:45:12,287 Name: user.views Func: check_username {'available': True}
DEBUG 2019-08-25 08:45:12,932 Name: user.views Func: check_username check_username success valid
INFO 2019-08-25 08:45:12,932 Name: user.views Func: check_username {'available': True}
INFO 2019-08-25 08:45:46,438 Name: user.views Func: check_username {'available': False, 'errors': {'username': [{'message': '同じユーザー名が既に登録済みです。', 'code': 'unique'}]}}
INFO 2019-08-25 08:45:47,432 Name: user.views Func: check_username {'available': False, 'errors': {'username': [{'message': '同じユーザー名が既に登録済みです。', 'code': 'unique'}]}}
DEBUG 2019-08-25 08:46:03,618 Name: user.views Func: check_username check_username success valid
INFO 2019-08-25 08:46:03,618 Name: user.views Func: check_username {'available': True}
DEBUG 2019-08-25 08:46:04,619 Name: user.views Func: check_username check_username success valid
INFO 2019-08-25 08:46:04,619 Name: user.views Func: check_username {'available': True}
DEBUG 2019-08-25 08:46:05,573 Name: user.views Func: check_username check_username success valid
INFO 2019-08-25 08:46:05,573 Name: user.views Func: check_username {'available': True}
DEBUG 2019-08-25 08:46:06,585 Name: user.views Func: check_username check_username success valid
INFO 2019-08-25 08:46:06,585 Name: user.views Func: check_username {'available': True}
DEBUG 2019-08-25 08:46:07,162 Name: user.views Func: check_username check_username success valid
INFO 2019-08-25 08:46:07,162 Name: user.views Func: check_username {'available': True}
DEBUG 2019-08-25 08:46:08,168 Name: user.views Func: check_username check_username success valid
INFO 2019-08-25 08:46:08,168 Name: user.views Func: check_username {'available': True}
DEBUG 2019-08-25 08:46:09,051 Name: user.views Func: check_username check_username success valid
INFO 2019-08-25 08:46:09,052 Name: user.views Func: check_username {'available': True}
DEBUG 2019-08-25 08:46:10,046 Name: user.views Func: check_username check_username success valid
INFO 2019-08-25 08:46:10,046 Name: user.views Func: check_username {'available': True}
DEBUG 2019-08-25 08:46:10,372 Name: user.views Func: check_username check_username success valid
INFO 2019-08-25 08:46:10,372 Name: user.views Func: check_username {'available': True}
DEBUG 2019-08-25 08:46:11,370 Name: user.views Func: check_username check_username success valid
INFO 2019-08-25 08:46:11,370 Name: user.views Func: check_username {'available': True}
INFO 2019-08-25 08:46:11,590 Name: user.views Func: check_username {'available': False, 'errors': {'username': [{'message': '同じユーザー名が既に登録済みです。', 'code': 'unique'}]}}
INFO 2019-08-25 08:46:12,605 Name: user.views Func: check_username {'available': False, 'errors': {'username': [{'message': '同じユーザー名が既に登録済みです。', 'code': 'unique'}]}}
DEBUG 2019-08-25 08:48:17,433 Name: user.views Func: check_username check_username success valid
INFO 2019-08-25 08:48:17,434 Name: user.views Func: check_username {'available': True}
DEBUG 2019-08-25 08:48:18,415 Name: user.views Func: check_username check_username success valid
INFO 2019-08-25 08:48:18,416 Name: user.views Func: check_username {'available': True}
DEBUG 2019-08-25 08:48:56,193 Name: user.views Func: check_username check_username available=True
INFO 2019-08-25 08:48:56,193 Name: user.views Func: check_username {'available': True}
DEBUG 2019-08-25 08:48:57,067 Name: user.views Func: check_username check_username available=True
INFO 2019-08-25 08:48:57,067 Name: user.views Func: check_username {'available': True}
INFO 2019-08-25 08:50:59,880 Name: user.views Func: check_username {'available': False, 'errors': {'username': [{'message': '同じユーザー名が既に登録済みです。', 'code': 'unique'}]}}
INFO 2019-08-25 08:50:59,982 Name: user.views Func: check_username {'available': False, 'errors': {'username': [{'message': '同じユーザー名が既に登録済みです。', 'code': 'unique'}]}}
INFO 2019-08-25 08:51:17,784 Name: user.views Func: check_username {'available': True}
INFO 2019-08-25 08:51:18,801 Name: user.views Func: check_username {'available': True}
INFO 2019-08-25 08:53:42,841 Name: user.views Func: check_username {'available': True}
INFO 2019-08-25 08:53:43,831 Name: user.views Func: check_username {'available': True}
INFO 2019-08-25 08:56:19,381 Name: user.views Func: check_username {'available': True}
INFO 2019-08-25 08:56:20,385 Name: user.views Func: check_username {'available': True}
INFO 2019-08-25 08:56:23,671 Name: user.views Func: check_username {'available': True}
INFO 2019-08-25 08:56:24,211 Name: user.views Func: check_username {'available': False, 'errors': {'username': [{'message': '同じユーザー名が既に登録済みです。', 'code': 'unique'}]}}
INFO 2019-08-25 08:56:25,217 Name: user.views Func: check_username {'available': False, 'errors': {'username': [{'message': '同じユーザー名が既に登録済みです。', 'code': 'unique'}]}}
INFO 2019-08-25 09:01:43,030 Name: user.views Func: check_username {'available': True}
INFO 2019-08-25 09:01:43,441 Name: user.views Func: check_username {'available': True}
INFO 2019-08-25 09:01:43,814 Name: user.views Func: check_username {'available': False, 'errors': {'username': [{'message': '同じユーザー名が既に登録済みです。', 'code': 'unique'}]}}
INFO 2019-08-25 09:01:44,804 Name: user.views Func: check_username {'available': False, 'errors': {'username': [{'message': '同じユーザー名が既に登録済みです。', 'code': 'unique'}]}}
INFO 2019-08-25 09:01:45,233 Name: user.views Func: check_username {'available': True}
INFO 2019-08-25 09:01:45,842 Name: user.views Func: check_username {'available': True}
INFO 2019-08-25 09:01:46,838 Name: user.views Func: check_username {'available': True}
INFO 2019-08-25 09:03:06,245 Name: user.views Func: check_username {'available': True}
INFO 2019-08-25 09:03:07,243 Name: user.views Func: check_username {'available': True}
INFO 2019-08-25 09:03:12,511 Name: user.views Func: check_username {'available': True}
INFO 2019-08-25 09:03:12,929 Name: user.views Func: check_username {'available': False, 'errors': {'username': [{'message': '同じユーザー名が既に登録済みです。', 'code': 'unique'}]}}
INFO 2019-08-25 09:03:13,913 Name: user.views Func: check_username {'available': False, 'errors': {'username': [{'message': '同じユーザー名が既に登録済みです。', 'code': 'unique'}]}}
INFO 2019-08-25 09:03:26,005 Name: user.views Func: check_username {'available': True}
INFO 2019-08-25 09:03:27,002 Name: user.views Func: check_username {'available': True}
INFO 2019-08-25 09:08:15,652 Name: user.views Func: check_username {'available': True}
INFO 2019-08-25 09:08:15,909 Name: user.views Func: check_username {'available': True}
INFO 2019-08-25 09:08:16,173 Name: user.views Func: check_username {'available': False, 'errors': {'username': [{'message': '同じユーザー名が既に登録済みです。', 'code': 'unique'}]}}
INFO 2019-08-25 09:08:17,182 Name: user.views Func: check_username {'available': False, 'errors': {'username': [{'message': '同じユーザー名が既に登録済みです。', 'code': 'unique'}]}}
INFO 2019-08-25 09:09:46,879 Name: user.views Func: check_username {'available': True}
INFO 2019-08-25 09:09:47,868 Name: user.views Func: check_username {'available': True}
INFO 2019-08-25 09:09:49,178 Name: user.views Func: check_username {'available': True}
INFO 2019-08-25 09:09:49,734 Name: user.views Func: check_username {'available': False, 'errors': {'username': [{'message': '同じユーザー名が既に登録済みです。', 'code': 'unique'}]}}
INFO 2019-08-25 09:09:50,719 Name: user.views Func: check_username {'available': False, 'errors': {'username': [{'message': '同じユーザー名が既に登録済みです。', 'code': 'unique'}]}}
INFO 2019-08-25 09:15:08,991 Name: user.views Func: check_username {'available': True}
INFO 2019-08-25 09:15:09,983 Name: user.views Func: check_username {'available': True}
INFO 2019-08-25 09:15:12,984 Name: user.views Func: check_username {'available': True}
INFO 2019-08-25 09:15:13,313 Name: user.views Func: check_username {'available': False, 'errors': {'username': [{'message': '同じユーザー名が既に登録済みです。', 'code': 'unique'}]}}
INFO 2019-08-25 09:15:14,295 Name: user.views Func: check_username {'available': False, 'errors': {'username': [{'message': '同じユーザー名が既に登録済みです。', 'code': 'unique'}]}}
INFO 2019-08-25 09:15:34,381 Name: user.views Func: check_username {'available': True}
INFO 2019-08-25 09:15:35,204 Name: user.views Func: check_username {'available': True}
INFO 2019-08-25 09:15:37,326 Name: user.views Func: check_username {'available': True}
INFO 2019-08-25 09:15:38,331 Name: user.views Func: check_username {'available': True}
INFO 2019-08-25 09:15:38,913 Name: user.views Func: check_username {'available': True}
INFO 2019-08-25 09:16:05,556 Name: user.views Func: check_username {'available': True}
INFO 2019-08-25 09:16:51,589 Name: user.views Func: check_username {'available': True}
INFO 2019-08-25 09:17:16,067 Name: user.views Func: check_username {'available': True}
INFO 2019-08-25 09:17:16,128 Name: user.views Func: check_username {'available': False, 'messages': ['同じユーザー名が既に登録済みです。']}
INFO 2019-08-25 09:17:17,126 Name: user.views Func: check_username {'available': False, 'messages': ['同じユーザー名が既に登録済みです。']}
INFO 2019-08-25 09:19:27,119 Name: user.views Func: check_username {'available': True}
INFO 2019-08-25 09:19:27,360 Name: user.views Func: check_username {'available': True}
INFO 2019-08-25 09:19:27,561 Name: user.views Func: check_username {'available': False, 'messages': ['同じユーザー名が既に登録済みです。']}
INFO 2019-08-25 09:19:28,579 Name: user.views Func: check_username {'available': False, 'messages': ['同じユーザー名が既に登録済みです。']}
INFO 2019-08-25 09:20:13,865 Name: user.views Func: check_username {'available': True}
INFO 2019-08-25 09:20:14,051 Name: user.views Func: check_username {'available': True}
INFO 2019-08-25 09:20:14,334 Name: user.views Func: check_username {'available': False, 'messages': ['同じユーザー名が既に登録済みです。']}
INFO 2019-08-25 09:20:15,346 Name: user.views Func: check_username {'available': False, 'messages': ['同じユーザー名が既に登録済みです。']}
INFO 2019-08-25 09:21:08,941 Name: user.views Func: check_username {'available': True}
INFO 2019-08-25 09:21:09,118 Name: user.views Func: check_username {'available': True}
INFO 2019-08-25 09:21:09,328 Name: user.views Func: check_username {'available': False, 'messages': ['同じユーザー名が既に登録済みです。']}
INFO 2019-08-25 09:21:10,348 Name: user.views Func: check_username {'available': False, 'messages': ['同じユーザー名が既に登録済みです。']}
INFO 2019-08-25 09:22:01,006 Name: user.views Func: check_username {'available': True}
INFO 2019-08-25 09:22:01,216 Name: user.views Func: check_username {'available': True}
INFO 2019-08-25 09:22:01,409 Name: user.views Func: check_username {'available': False, 'messages': ['同じユーザー名が既に登録済みです。']}
INFO 2019-08-25 09:22:02,399 Name: user.views Func: check_username {'available': False, 'messages': ['同じユーザー名が既に登録済みです。']}
INFO 2019-08-25 09:22:35,655 Name: user.views Func: check_username {'available': True}
INFO 2019-08-25 09:22:35,822 Name: user.views Func: check_username {'available': True}
INFO 2019-08-25 09:22:35,971 Name: user.views Func: check_username {'available': False, 'messages': ['同じユーザー名が既に登録済みです。']}
INFO 2019-08-25 09:22:36,994 Name: user.views Func: check_username {'available': False, 'messages': ['同じユーザー名が既に登録済みです。']}
INFO 2019-08-25 09:32:52,915 Name: user.views Func: check_username {'available': True}
INFO 2019-08-25 09:32:58,631 Name: user.views Func: check_username {'available': True}
INFO 2019-08-25 09:33:07,546 Name: user.views Func: check_username {'available': True}
INFO 2019-08-25 09:33:15,581 Name: user.views Func: check_username {'available': True}
INFO 2019-08-25 09:34:30,076 Name: user.views Func: check_username {'available': False, 'messages': ['同じユーザー名が既に登録済みです。']}
INFO 2019-08-25 09:36:43,641 Name: user.views Func: check_username {'available': True}
INFO 2019-08-25 09:36:46,036 Name: user.views Func: check_username {'available': False, 'messages': ['同じユーザー名が既に登録済みです。']}
INFO 2019-08-25 09:46:56,459 Name: user.views Func: check_username {'available': False, 'messages': ['同じユーザー名が既に登録済みです。']}
INFO 2019-08-25 09:47:48,665 Name: user.views Func: check_username {'available': False, 'messages': ['同じユーザー名が既に登録済みです。']}
INFO 2019-08-25 09:51:39,878 Name: user.views Func: check_username {'available': False, 'errors': ['同じユーザー名が既に登録済みです。']}
INFO 2019-08-25 09:52:12,354 Name: user.views Func: check_username {'available': False, 'errors': ['同じユーザー名が既に登録済みです。']}
INFO 2019-08-25 09:54:05,574 Name: user.views Func: check_username {'available': False, 'errors': ['同じユーザー名が既に登録済みです。']}
INFO 2019-08-25 11:53:59,890 Name: user.views Func: check_username {'available': True}
INFO 2019-08-25 11:54:38,244 Name: user.views Func: check_username {'available': False, 'errors': ['有効なユーザー名を入力してください。半角英数、 @/./+/-/_ を使用できます。']}
INFO 2019-08-25 11:54:43,791 Name: user.views Func: check_username {'available': True}
INFO 2019-08-25 11:56:10,250 Name: user.views Func: check_username {'available': True}
INFO 2019-08-25 11:56:14,828 Name: user.views Func: check_username {'available': False, 'errors': ['有効なユーザー名を入力してください。半角英数、 @/./+/-/_ を使用できます。']}
INFO 2019-08-25 11:56:17,524 Name: user.views Func: check_username {'available': True}
INFO 2019-08-25 12:03:19,627 Name: user.views Func: check_password {'available': False, 'errors': ['この項目は必須です。']}
INFO 2019-08-25 12:03:23,344 Name: user.views Func: check_password {'available': False, 'errors': ['この項目は必須です。']}
INFO 2019-08-25 12:03:29,288 Name: user.views Func: check_password {'available': False, 'errors': ['この項目は必須です。']}
INFO 2019-08-25 12:03:34,458 Name: user.views Func: check_password {'available': False, 'errors': ['この項目は必須です。']}
INFO 2019-08-25 12:05:03,820 Name: user.views Func: check_password {'available': False, 'errors': ['この項目は必須です。']}
INFO 2019-08-25 12:05:14,655 Name: user.views Func: check_password {'available': False, 'errors': ['この項目は必須です。']}
INFO 2019-08-25 12:05:23,834 Name: user.views Func: check_username {'available': True}
INFO 2019-08-25 12:05:37,200 Name: user.views Func: check_password {'available': False, 'errors': ['この項目は必須です。']}
INFO 2019-08-25 12:05:46,661 Name: user.views Func: check_password {'available': False, 'errors': ['この項目は必須です。']}
INFO 2019-08-25 12:06:01,643 Name: user.views Func: check_password {'available': False, 'errors': ['この項目は必須です。']}
INFO 2019-08-25 12:06:08,435 Name: user.views Func: check_password {'available': False, 'errors': ['この項目は必須です。']}
INFO 2019-08-25 12:06:11,579 Name: user.views Func: check_password {'available': False, 'errors': ['この項目は必須です。']}
INFO 2019-08-25 12:06:50,269 Name: user.views Func: check_password {'available': False, 'errors': ['この項目は必須です。']}
INFO 2019-08-25 12:09:39,364 Name: user.views Func: check_password {'available': False, 'errors': ['この項目は必須です。']}
INFO 2019-08-25 12:12:33,300 Name: user.views Func: check_password {'available': True}
INFO 2019-08-25 12:24:54,408 Name: user.views Func: check_username {'available': False, 'errors': ['同じユーザー名が既に登録済みです。']}
INFO 2019-08-25 12:24:59,668 Name: user.views Func: check_username {'available': True}
INFO 2019-08-25 12:26:38,106 Name: user.views Func: check_username {'available': True}
INFO 2019-08-25 12:26:44,912 Name: user.views Func: check_username {'available': False, 'errors': ['同じユーザー名が既に登録済みです。']}
INFO 2019-08-25 12:26:53,948 Name: user.views Func: check_password {'available': True}
INFO 2019-08-25 12:27:00,134 Name: user.views Func: check_password {'available': True}
INFO 2019-08-25 12:27:02,456 Name: user.views Func: check_password {'available': True}
INFO 2019-08-25 12:27:03,509 Name: user.views Func: check_password {'available': True}
INFO 2019-08-25 12:27:08,068 Name: user.views Func: check_password {'available': False, 'errors': ['この項目は必須です。']}
INFO 2019-08-25 12:28:21,747 Name: user.views Func: check_password {'available': True}
INFO 2019-08-25 12:28:22,869 Name: user.views Func: check_password {'available': True}
INFO 2019-08-25 12:28:24,519 Name: user.views Func: check_password {'available': True}
INFO 2019-08-25 12:28:27,075 Name: user.views Func: check_password {'available': False, 'errors': ['この項目は必須です。']}
INFO 2019-08-25 12:28:29,280 Name: user.views Func: check_password {'available': True}
INFO 2019-08-25 12:28:35,418 Name: user.views Func: check_password {'available': False, 'errors': ['この項目は必須です。']}
INFO 2019-08-25 12:34:14,684 Name: user.views Func: check_username {'available': True}
INFO 2019-08-25 12:36:28,789 Name: user.views Func: check_username {'available': True}
INFO 2019-08-25 12:36:36,609 Name: user.views Func: check_password {'available': True}
INFO 2019-08-25 12:36:42,482 Name: user.views Func: check_username {'available': False, 'errors': ['同じユーザー名が既に登録済みです。']}
INFO 2019-08-25 12:36:47,907 Name: user.views Func: check_password {'available': True}
INFO 2019-08-25 12:37:24,676 Name: user.views Func: check_password {'available': True}
INFO 2019-08-25 12:37:28,262 Name: user.views Func: check_password {'available': True}
INFO 2019-08-25 12:38:47,192 Name: user.views Func: check_password {'available': False, 'errors': ['この項目は必須です。']}
INFO 2019-08-25 12:38:49,666 Name: user.views Func: check_password {'available': True}
INFO 2019-08-25 12:38:52,786 Name: user.views Func: check_password {'available': True}
INFO 2019-08-25 12:52:42,676 Name: user.views Func: check_username {'available': True}
INFO 2019-08-25 12:52:45,713 Name: user.views Func: check_password {'available': True}
INFO 2019-08-25 12:53:51,591 Name: user.views Func: check_password {'available': False, 'errors': ['このパスワードは短すぎます。最低 8 文字以上必要です。', 'このパスワードは一般的すぎます。']}
INFO 2019-08-25 12:53:59,147 Name: user.views Func: check_password {'available': False, 'errors': ['このパスワードは短すぎます。最低 8 文字以上必要です。']}
INFO 2019-08-25 12:54:02,296 Name: user.views Func: check_password {'available': True}
INFO 2019-08-25 12:54:07,508 Name: user.views Func: check_password {'available': False, 'errors': ['このパスワードは短すぎます。最低 8 文字以上必要です。']}
INFO 2019-08-25 12:54:09,170 Name: user.views Func: check_password {'available': False, 'errors': ['この項目は必須です。']}
INFO 2019-08-25 12:54:10,678 Name: user.views Func: check_password {'available': False, 'errors': ['このパスワードは短すぎます。最低 8 文字以上必要です。', 'このパスワードは数字しか使われていません。']}
INFO 2019-08-25 12:54:13,004 Name: user.views Func: check_password {'available': True}
INFO 2019-08-25 12:54:21,794 Name: user.views Func: check_username {'available': True}
INFO 2019-08-25 12:54:26,237 Name: user.views Func: check_password {'available': True}
INFO 2019-08-25 12:54:38,446 Name: user.views Func: check_password {'available': True}
INFO 2019-08-25 12:54:41,188 Name: user.views Func: check_password {'available': False, 'errors': ['このパスワードは短すぎます。最低 8 文字以上必要です。']}
INFO 2019-08-25 12:54:43,487 Name: user.views Func: check_password {'available': False, 'errors': ['このパスワードは短すぎます。最低 8 文字以上必要です。']}
INFO 2019-08-25 12:54:45,313 Name: user.views Func: check_password {'available': False, 'errors': ['この項目は必須です。']}
INFO 2019-08-25 12:54:47,288 Name: user.views Func: check_password {'available': False, 'errors': ['このパスワードは短すぎます。最低 8 文字以上必要です。', 'このパスワードは一般的すぎます。']}
INFO 2019-08-25 12:54:50,397 Name: user.views Func: check_password {'available': False, 'errors': ['このパスワードは短すぎます。最低 8 文字以上必要です。']}
INFO 2019-08-25 12:58:15,536 Name: user.views Func: check_password {'available': False, 'errors': ['この項目は必須です。']}
INFO 2019-08-25 12:58:16,919 Name: user.views Func: check_password {'available': False, 'errors': ['このパスワードは短すぎます。最低 8 文字以上必要です。', 'このパスワードは一般的すぎます。']}
INFO 2019-08-25 12:58:21,454 Name: user.views Func: check_password {'available': False, 'errors': ['このパスワードは短すぎます。最低 8 文字以上必要です。', 'このパスワードは一般的すぎます。', 'このパスワードは数字しか使われていません。']}
INFO 2019-08-25 12:58:26,610 Name: user.views Func: check_password {'available': False, 'errors': ['このパスワードは短すぎます。最低 8 文字以上必要です。', 'このパスワードは一般的すぎます。']}
INFO 2019-08-25 12:58:31,288 Name: user.views Func: check_password {'available': True}
INFO 2019-08-25 13:45:00,557 Name: user.views Func: check_username {'available': True}
INFO 2019-08-25 13:45:08,611 Name: user.views Func: check_username {'available': False, 'errors': ['同じユーザー名が既に登録済みです。']}
INFO 2019-08-25 13:45:20,683 Name: user.views Func: check_username {'available': True}
INFO 2019-08-25 13:45:28,083 Name: user.views Func: check_password {'available': False, 'errors': ['このパスワードは短すぎます。最低 8 文字以上必要です。', 'このパスワードは一般的すぎます。', 'このパスワードは数字しか使われていません。']}
INFO 2019-08-25 13:45:31,269 Name: user.views Func: check_password {'available': False, 'errors': ['このパスワードは短すぎます。最低 8 文字以上必要です。', 'このパスワードは一般的すぎます。', 'このパスワードは数字しか使われていません。']}
INFO 2019-08-25 13:45:36,439 Name: user.views Func: check_password {'available': True}
INFO 2019-08-25 13:59:41,196 Name: user.views Func: check_form start def:check_form(username, None)
INFO 2019-08-25 14:03:57,992 Name: user.views Func: check_form start def:check_form(username, None)
INFO 2019-08-25 14:04:12,518 Name: user.views Func: check_form start def:check_form(username, None)
INFO 2019-08-25 14:04:30,602 Name: user.views Func: check_form start def:check_form(username, None)
INFO 2019-08-25 14:04:30,771 Name: user.views Func: check_form end def:check_form result: {'available': True}
INFO 2019-08-25 14:04:47,847 Name: user.views Func: check_form start def:check_form(username, None)
INFO 2019-08-25 14:04:47,884 Name: user.views Func: check_form end def:check_form result: {'available': False, 'errors': ['同じユーザー名が既に登録済みです。']}
INFO 2019-08-25 14:04:53,907 Name: user.views Func: check_form start def:check_form(username, None)
INFO 2019-08-25 14:04:53,909 Name: user.views Func: check_form end def:check_form result: {'available': False, 'errors': ['この項目は必須です。']}
INFO 2019-08-25 14:04:56,022 Name: user.views Func: check_form start def:check_form(username, None)
INFO 2019-08-25 14:04:56,074 Name: user.views Func: check_form end def:check_form result: {'available': False, 'errors': ['同じユーザー名が既に登録済みです。']}
INFO 2019-08-25 14:04:59,022 Name: user.views Func: check_form start def:check_form(username, None)
INFO 2019-08-25 14:04:59,046 Name: user.views Func: check_form end def:check_form result: {'available': True}
INFO 2019-08-25 14:05:01,896 Name: user.views Func: check_form start def:check_form(username, None)
INFO 2019-08-25 14:05:01,931 Name: user.views Func: check_form end def:check_form result: {'available': False, 'errors': ['同じユーザー名が既に登録済みです。']}
INFO 2019-08-25 14:05:04,604 Name: user.views Func: check_form start def:check_form(username, None)
INFO 2019-08-25 14:05:04,627 Name: user.views Func: check_form end def:check_form result: {'available': True}
INFO 2019-08-25 14:05:13,663 Name: user.views Func: check_form start def:check_form(password, password1)
INFO 2019-08-25 14:05:13,666 Name: user.views Func: check_form end def:check_form result: {'available': False, 'errors': ['このパスワードは短すぎます。最低 8 文字以上必要です。']}
INFO 2019-08-25 14:05:17,008 Name: user.views Func: check_form start def:check_form(password, password1)
INFO 2019-08-25 14:05:17,009 Name: user.views Func: check_form end def:check_form result: {'available': False, 'errors': ['このパスワードは短すぎます。最低 8 文字以上必要です。', 'このパスワードは一般的すぎます。']}
INFO 2019-08-25 14:05:19,760 Name: user.views Func: check_form start def:check_form(password, password1)
INFO 2019-08-25 14:05:19,760 Name: user.views Func: check_form end def:check_form result: {'available': False, 'errors': ['この項目は必須です。']}
INFO 2019-08-25 14:05:24,846 Name: user.views Func: check_form start def:check_form(password, password1)
INFO 2019-08-25 14:05:24,848 Name: user.views Func: check_form end def:check_form result: {'available': False, 'errors': ['このパスワードは短すぎます。最低 8 文字以上必要です。']}
INFO 2019-08-25 14:05:28,228 Name: user.views Func: check_form start def:check_form(password, password1)
INFO 2019-08-25 14:05:28,229 Name: user.views Func: check_form end def:check_form result: {'available': True}
INFO 2019-08-25 14:42:32,235 Name: user.views Func: check_form start def:check_form(username, None)
INFO 2019-08-25 14:42:32,270 Name: user.views Func: check_form end def:check_form result: {'available': True}
INFO 2019-08-25 14:42:45,840 Name: user.views Func: check_form start def:check_form(password, password1)
INFO 2019-08-25 14:42:45,841 Name: user.views Func: check_form end def:check_form result: {'available': True}
INFO 2019-08-25 14:50:36,424 Name: user.views Func: check_form start def:check_form(username, None)
INFO 2019-08-25 14:50:36,601 Name: user.views Func: check_form end def:check_form result: {'available': True}
INFO 2019-08-25 14:50:39,037 Name: user.views Func: check_form start def:check_form(password, password1)
INFO 2019-08-25 14:50:39,037 Name: user.views Func: check_form end def:check_form result: {'available': False, 'errors': ['このパスワードは短すぎます。最低 8 文字以上必要です。', 'このパスワードは一般的すぎます。']}
INFO 2019-08-25 14:50:44,575 Name: user.views Func: check_form start def:check_form(password, password1)
INFO 2019-08-25 14:50:44,575 Name: user.views Func: check_form end def:check_form result: {'available': False, 'errors': ['この項目は必須です。']}
INFO 2019-08-25 14:50:50,012 Name: user.views Func: check_form start def:check_form(password, password1)
INFO 2019-08-25 14:50:50,012 Name: user.views Func: check_form end def:check_form result: {'available': True}
INFO 2019-08-25 15:12:35,030 Name: user.views Func: check_form start def:check_form(username, None)
INFO 2019-08-25 15:12:35,088 Name: user.views Func: check_form end def:check_form result: {'available': True}
INFO 2019-08-25 15:12:47,963 Name: user.views Func: check_form start def:check_form(password, password1)
INFO 2019-08-25 15:12:47,965 Name: user.views Func: check_form end def:check_form result: {'available': False, 'errors': ['このパスワードは短すぎます。最低 8 文字以上必要です。']}
INFO 2019-08-25 15:12:49,290 Name: user.views Func: check_form start def:check_form(password, password1)
INFO 2019-08-25 15:12:49,294 Name: user.views Func: check_form end def:check_form result: {'available': False, 'errors': ['このパスワードは短すぎます。最低 8 文字以上必要です。']}
INFO 2019-08-25 15:12:52,150 Name: user.views Func: check_form start def:check_form(password, password1)
INFO 2019-08-25 15:12:52,150 Name: user.views Func: check_form end def:check_form result: {'available': True}
INFO 2019-08-25 15:15:52,641 Name: user.views Func: check_form start def:check_form(username, None)
INFO 2019-08-25 15:15:52,667 Name: user.views Func: check_form end def:check_form result: {'available': False, 'errors': ['同じユーザー名が既に登録済みです。']}
INFO 2019-08-25 15:15:58,645 Name: user.views Func: check_form start def:check_form(username, None)
INFO 2019-08-25 15:15:58,687 Name: user.views Func: check_form end def:check_form result: {'available': True}
INFO 2019-08-25 15:16:07,027 Name: user.views Func: check_form start def:check_form(password, password1)
INFO 2019-08-25 15:16:07,028 Name: user.views Func: check_form end def:check_form result: {'available': False, 'errors': ['この項目は必須です。']}
INFO 2019-08-25 15:16:14,576 Name: user.views Func: check_form start def:check_form(password, password1)
INFO 2019-08-25 15:16:14,577 Name: user.views Func: check_form end def:check_form result: {'available': False, 'errors': ['この項目は必須です。']}
INFO 2019-08-25 15:16:20,296 Name: user.views Func: check_form start def:check_form(password, password1)
INFO 2019-08-25 15:16:20,296 Name: user.views Func: check_form end def:check_form result: {'available': False, 'errors': ['このパスワードは一般的すぎます。']}
INFO 2019-08-25 15:16:23,592 Name: user.views Func: check_form start def:check_form(password, password1)
INFO 2019-08-25 15:16:23,593 Name: user.views Func: check_form end def:check_form result: {'available': False, 'errors': ['この項目は必須です。']}
INFO 2019-08-25 15:16:29,405 Name: user.views Func: check_form start def:check_form(password, password1)
INFO 2019-08-25 15:16:29,407 Name: user.views Func: check_form end def:check_form result: {'available': True}
INFO 2019-08-25 15:30:36,217 Name: user.views Func: check_form start def:check_form(username, None)
INFO 2019-08-25 15:30:36,247 Name: user.views Func: check_form end def:check_form result: {'available': True}
INFO 2019-08-25 15:30:41,658 Name: user.views Func: check_form start def:check_form(password, password1)
INFO 2019-08-25 15:30:41,658 Name: user.views Func: check_form end def:check_form result: {'available': False, 'errors': ['このパスワードは短すぎます。最低 8 文字以上必要です。']}
INFO 2019-08-25 15:30:44,268 Name: user.views Func: check_form start def:check_form(password, password1)
INFO 2019-08-25 15:30:44,269 Name: user.views Func: check_form end def:check_form result: {'available': True}
